<?xml version="1.0" encoding="UTF-8"?>
<testsuite xmlns:xsi="http://www.w3.org/2001/XMLSchema-instance" xsi:noNamespaceSchemaLocation="https://maven.apache.org/surefire/maven-surefire-plugin/xsd/surefire-test-report-3.0.xsd" version="3.0" name="cucumber.Options.TestRunner" time="3.246" tests="3" errors="0" skipped="0" failures="0">
  <properties>
[...]
</properties>
  <testcase name="Verify if Site is created successfully using CreateSiteAPI" classname="Site API Automation" time="1.674"/>
  <testcase name="Verify if Site is fetched successfully using FetchSiteAPI" classname="Site API Automation" time="0.618">
    <system-out><![CDATA[Actual response: {"site_id":"Site 5000","client_id":"client-c7a1-e15a-a901","name":"Test Site test","createdAt":"2024-09-24T23:14:23.101Z"}
]]></system-out>
  </testcase>
  <testcase name="Verify if Site is deleted successfully using DeleteSiteAPI" classname="Site API Automation" time="0.671"/>
</testsuite>